Determining if the pthread_create exist failed with the following output:
Change Dir: /home/wojciech/turtlebot/build/CMakeFiles/CMakeTmp

Run Build Command:"/usr/bin/make" "cmTC_7035e/fast"
/usr/bin/make -f CMakeFiles/cmTC_7035e.dir/build.make CMakeFiles/cmTC_7035e.dir/build
make[1]: Wejście do katalogu '/home/wojciech/turtlebot/build/CMakeFiles/CMakeTmp'
Building C object CMakeFiles/cmTC_7035e.dir/CheckSymbolExists.c.o
/usr/bin/cc     -o CMakeFiles/cmTC_7035e.dir/CheckSymbolExists.c.o   -c /home/wojciech/turtlebot/build/CMakeFiles/CMakeTmp/CheckSymbolExists.c
Linking C executable cmTC_7035e
/usr/bin/cmake -E cmake_link_script CMakeFiles/cmTC_7035e.dir/link.txt --verbose=1
/usr/bin/cc       CMakeFiles/cmTC_7035e.dir/CheckSymbolExists.c.o  -o cmTC_7035e -rdynamic 
CMakeFiles/cmTC_7035e.dir/CheckSymbolExists.c.o: In function `main':
CheckSymbolExists.c:(.text+0x16): undefined reference to `pthread_create'
collect2: error: ld returned 1 exit status
CMakeFiles/cmTC_7035e.dir/build.make:97: polecenia dla obiektu 'cmTC_7035e' nie powiodły się
make[1]: *** [cmTC_7035e] Błąd 1
make[1]: Opuszczenie katalogu '/home/wojciech/turtlebot/build/CMakeFiles/CMakeTmp'
Makefile:126: polecenia dla obiektu 'cmTC_7035e/fast' nie powiodły się
make: *** [cmTC_7035e/fast] Błąd 2

File /home/wojciech/turtlebot/build/CMakeFiles/CMakeTmp/CheckSymbolExists.c:
/* */
#include <pthread.h>

int main(int argc, char** argv)
{
  (void)argv;
#ifndef pthread_create
  return ((int*)(&pthread_create))[argc];
#else
  (void)argc;
  return 0;
#endif
}

Determining if the function pthread_create exists in the pthreads failed with the following output:
Change Dir: /home/wojciech/turtlebot/build/CMakeFiles/CMakeTmp

Run Build Command:"/usr/bin/make" "cmTC_c4e83/fast"
/usr/bin/make -f CMakeFiles/cmTC_c4e83.dir/build.make CMakeFiles/cmTC_c4e83.dir/build
make[1]: Wejście do katalogu '/home/wojciech/turtlebot/build/CMakeFiles/CMakeTmp'
Building C object CMakeFiles/cmTC_c4e83.dir/CheckFunctionExists.c.o
/usr/bin/cc    -DCHECK_FUNCTION_EXISTS=pthread_create   -o CMakeFiles/cmTC_c4e83.dir/CheckFunctionExists.c.o   -c /usr/share/cmake-3.5/Modules/CheckFunctionExists.c
Linking C executable cmTC_c4e83
/usr/bin/cmake -E cmake_link_script CMakeFiles/cmTC_c4e83.dir/link.txt --verbose=1
/usr/bin/cc   -DCHECK_FUNCTION_EXISTS=pthread_create    CMakeFiles/cmTC_c4e83.dir/CheckFunctionExists.c.o  -o cmTC_c4e83 -rdynamic -lpthreads 
/usr/bin/ld: cannot find -lpthreads
collect2: error: ld returned 1 exit status
CMakeFiles/cmTC_c4e83.dir/build.make:97: polecenia dla obiektu 'cmTC_c4e83' nie powiodły się
make[1]: *** [cmTC_c4e83] Błąd 1
make[1]: Opuszczenie katalogu '/home/wojciech/turtlebot/build/CMakeFiles/CMakeTmp'
Makefile:126: polecenia dla obiektu 'cmTC_c4e83/fast' nie powiodły się
make: *** [cmTC_c4e83/fast] Błąd 2


